mode: set
capstoneproject/features/portfolioImages/business/usecase.go:12.96,16.2 1 1
capstoneproject/features/portfolioImages/business/usecase.go:18.104,19.51 1 1
capstoneproject/features/portfolioImages/business/usecase.go:22.2,23.17 2 1
capstoneproject/features/portfolioImages/business/usecase.go:19.51,21.3 1 1
capstoneproject/features/portfolioImages/business/usecase.go:26.80,29.2 2 1
capstoneproject/features/houseImages/business/usecase.go:12.80,16.2 1 1
capstoneproject/features/houseImages/business/usecase.go:18.92,19.47 1 1
capstoneproject/features/houseImages/business/usecase.go:22.2,23.17 2 1
capstoneproject/features/houseImages/business/usecase.go:19.47,21.3 1 1
capstoneproject/features/houseImages/business/usecase.go:26.76,29.2 2 1
capstoneproject/features/users/business/usecase.go:11.57,15.2 1 1
capstoneproject/features/users/business/usecase.go:17.74,20.2 2 1
capstoneproject/features/users/business/usecase.go:22.142,25.2 2 1
capstoneproject/features/users/business/usecase.go:27.85,33.2 2 1
capstoneproject/features/users/business/usecase.go:35.72,38.2 2 1
capstoneproject/features/users/business/usecase.go:40.64,43.2 2 1
capstoneproject/features/houses/business/usecase.go:13.61,17.2 1 1
capstoneproject/features/houses/business/usecase.go:19.103,22.16 3 1
capstoneproject/features/houses/business/usecase.go:34.2,34.29 1 1
capstoneproject/features/houses/business/usecase.go:22.16,24.3 1 1
capstoneproject/features/houses/business/usecase.go:24.8,25.17 1 1
capstoneproject/features/houses/business/usecase.go:28.3,28.23 1 1
capstoneproject/features/houses/business/usecase.go:25.17,27.4 1 1
capstoneproject/features/houses/business/usecase.go:28.23,30.4 1 1
capstoneproject/features/houses/business/usecase.go:30.9,32.4 1 1
capstoneproject/features/houses/business/usecase.go:37.91,38.239 1 1
capstoneproject/features/houses/business/usecase.go:41.2,42.26 2 1
capstoneproject/features/houses/business/usecase.go:38.239,40.3 1 1
capstoneproject/features/houses/business/usecase.go:45.83,48.2 2 1
capstoneproject/features/houses/business/usecase.go:50.114,53.16 3 1
capstoneproject/features/houses/business/usecase.go:65.2,65.29 1 1
capstoneproject/features/houses/business/usecase.go:53.16,55.3 1 1
capstoneproject/features/houses/business/usecase.go:55.8,56.17 1 1
capstoneproject/features/houses/business/usecase.go:59.3,59.23 1 1
capstoneproject/features/houses/business/usecase.go:56.17,58.4 1 1
capstoneproject/features/houses/business/usecase.go:59.23,61.4 1 1
capstoneproject/features/houses/business/usecase.go:61.9,63.4 1 1
capstoneproject/features/houses/business/usecase.go:68.87,69.239 1 1
capstoneproject/features/houses/business/usecase.go:72.2,73.17 2 1
capstoneproject/features/houses/business/usecase.go:69.239,71.3 1 1
capstoneproject/features/houses/business/usecase.go:76.71,79.2 2 1
capstoneproject/features/houses/business/usecase.go:81.153,83.38 2 1
capstoneproject/features/houses/business/usecase.go:94.2,94.20 1 1
capstoneproject/features/houses/business/usecase.go:103.2,104.20 2 1
capstoneproject/features/houses/business/usecase.go:112.2,112.56 1 1
capstoneproject/features/houses/business/usecase.go:117.2,119.16 3 1
capstoneproject/features/houses/business/usecase.go:131.2,131.29 1 1
capstoneproject/features/houses/business/usecase.go:83.38,85.39 2 1
capstoneproject/features/houses/business/usecase.go:92.3,92.16 1 1
capstoneproject/features/houses/business/usecase.go:85.39,87.4 1 1
capstoneproject/features/houses/business/usecase.go:87.9,87.28 1 1
capstoneproject/features/houses/business/usecase.go:87.28,89.4 1 1
capstoneproject/features/houses/business/usecase.go:89.9,89.28 1 1
capstoneproject/features/houses/business/usecase.go:89.28,91.4 1 1
capstoneproject/features/houses/business/usecase.go:94.20,95.39 1 1
capstoneproject/features/houses/business/usecase.go:100.3,101.16 2 1
capstoneproject/features/houses/business/usecase.go:95.39,97.4 1 1
capstoneproject/features/houses/business/usecase.go:97.9,99.4 1 1
capstoneproject/features/houses/business/usecase.go:104.20,106.36 2 1
capstoneproject/features/houses/business/usecase.go:109.3,110.25 2 1
capstoneproject/features/houses/business/usecase.go:106.36,108.4 1 1
capstoneproject/features/houses/business/usecase.go:112.56,114.3 1 1
capstoneproject/features/houses/business/usecase.go:114.8,116.3 1 1
capstoneproject/features/houses/business/usecase.go:119.16,121.3 1 1
capstoneproject/features/houses/business/usecase.go:121.8,122.17 1 1
capstoneproject/features/houses/business/usecase.go:125.3,125.23 1 1
capstoneproject/features/houses/business/usecase.go:122.17,124.4 1 1
capstoneproject/features/houses/business/usecase.go:125.23,127.4 1 1
capstoneproject/features/houses/business/usecase.go:127.9,129.4 1 1
capstoneproject/features/negotiations/business/usecase.go:13.79,17.2 1 1
capstoneproject/features/negotiations/business/usecase.go:19.126,22.16 3 1
capstoneproject/features/negotiations/business/usecase.go:34.2,34.29 1 1
capstoneproject/features/negotiations/business/usecase.go:22.16,24.3 1 1
capstoneproject/features/negotiations/business/usecase.go:24.8,25.17 1 1
capstoneproject/features/negotiations/business/usecase.go:28.3,28.23 1 1
capstoneproject/features/negotiations/business/usecase.go:25.17,27.4 1 1
capstoneproject/features/negotiations/business/usecase.go:28.23,30.4 1 1
capstoneproject/features/negotiations/business/usecase.go:30.9,32.4 1 1
capstoneproject/features/negotiations/business/usecase.go:37.132,40.16 3 1
capstoneproject/features/negotiations/business/usecase.go:52.2,52.29 1 1
capstoneproject/features/negotiations/business/usecase.go:40.16,42.3 1 1
capstoneproject/features/negotiations/business/usecase.go:42.8,43.17 1 1
capstoneproject/features/negotiations/business/usecase.go:46.3,46.23 1 1
capstoneproject/features/negotiations/business/usecase.go:43.17,45.4 1 1
capstoneproject/features/negotiations/business/usecase.go:46.23,48.4 1 1
capstoneproject/features/negotiations/business/usecase.go:48.9,50.4 1 1
capstoneproject/features/negotiations/business/usecase.go:55.96,57.16 2 1
capstoneproject/features/negotiations/business/usecase.go:69.2,69.17 1 1
capstoneproject/features/negotiations/business/usecase.go:57.16,58.67 1 1
capstoneproject/features/negotiations/business/usecase.go:61.3,63.22 3 1
capstoneproject/features/negotiations/business/usecase.go:58.67,60.4 1 1
capstoneproject/features/negotiations/business/usecase.go:63.22,65.4 1 0
capstoneproject/features/negotiations/business/usecase.go:66.8,68.3 1 1
capstoneproject/features/negotiations/business/usecase.go:72.99,75.44 3 1
capstoneproject/features/negotiations/business/usecase.go:99.2,99.17 1 1
capstoneproject/features/negotiations/business/usecase.go:75.44,77.36 2 1
capstoneproject/features/negotiations/business/usecase.go:85.3,86.22 2 1
capstoneproject/features/negotiations/business/usecase.go:89.3,89.43 1 1
capstoneproject/features/negotiations/business/usecase.go:77.36,78.29 1 1
capstoneproject/features/negotiations/business/usecase.go:78.29,80.25 2 1
capstoneproject/features/negotiations/business/usecase.go:80.25,82.6 1 0
capstoneproject/features/negotiations/business/usecase.go:86.22,88.4 1 1
capstoneproject/features/negotiations/business/usecase.go:90.8,90.53 1 1
capstoneproject/features/negotiations/business/usecase.go:90.53,92.56 2 1
capstoneproject/features/negotiations/business/usecase.go:92.56,94.23 2 1
capstoneproject/features/negotiations/business/usecase.go:94.23,96.5 1 0
capstoneproject/features/negotiations/business/usecase.go:102.89,105.2 2 1
capstoneproject/features/portfolios/business/usecase.go:12.73,16.2 1 1
capstoneproject/features/portfolios/business/usecase.go:18.104,19.122 1 1
capstoneproject/features/portfolios/business/usecase.go:22.2,23.30 2 1
capstoneproject/features/portfolios/business/usecase.go:19.122,21.3 1 1
capstoneproject/features/portfolios/business/usecase.go:26.122,29.16 3 1
capstoneproject/features/portfolios/business/usecase.go:41.2,41.29 1 1
capstoneproject/features/portfolios/business/usecase.go:29.16,31.3 1 1
capstoneproject/features/portfolios/business/usecase.go:31.8,32.17 1 1
capstoneproject/features/portfolios/business/usecase.go:35.3,35.23 1 1
capstoneproject/features/portfolios/business/usecase.go:32.17,34.4 1 1
capstoneproject/features/portfolios/business/usecase.go:35.23,37.4 1 0
capstoneproject/features/portfolios/business/usecase.go:37.9,39.4 1 1
capstoneproject/features/portfolios/business/usecase.go:44.88,47.2 2 1
capstoneproject/features/portfolios/business/usecase.go:49.111,50.122 1 1
capstoneproject/features/portfolios/business/usecase.go:53.2,54.26 2 1
capstoneproject/features/portfolios/business/usecase.go:50.122,52.3 1 1
capstoneproject/features/portfolios/business/usecase.go:57.78,60.2 2 1
